<?xml version="1.0" encoding="UTF-8"?>
<!-- Generated by org.testng.reporters.JUnitReportReporter -->
<testsuite hostname="DESKTOP-MMTC0M9" name="namepackage1.GmailLogin" tests="2" failures="0" timestamp="9 Jan 2019 16:18:35 GMT" time="21.635" errors="0">
  <testcase name="launch" time="11.665" classname="namepackage1.GmailLogin"/>
  <testcase name="Login" time="9.970" classname="namepackage1.GmailLogin"/>
</testsuite> <!-- namepackage1.GmailLogin -->
