<?xml version="1.0" encoding="UTF-8"?>
<!-- Generated by org.testng.reporters.JUnitReportReporter -->
<testsuite hostname="DESKTOP-MMTC0M9" name="namepackage1.TestngAnnotations1" tests="2" failures="0" timestamp="8 Jan 2019 16:48:31 GMT" time="0.018" errors="0">
  <testcase name="test3" time="0.003" classname="namepackage1.TestngAnnotations1"/>
  <testcase name="test1" time="0.015" classname="namepackage1.TestngAnnotations1"/>
</testsuite> <!-- namepackage1.TestngAnnotations1 -->
